<?xml version="1.0" encoding="UTF-8"?>
<!-- Generated by org.testng.reporters.JUnitReportReporter -->
<testsuite hostname="CHNMCT399628D" name="com.URL.Tests.Test3" tests="1" failures="0" timestamp="26 Jul 2017 05:16:46 GMT" time="79.869" errors="0">
  <testcase name="f" time="79.869" classname="com.URL.Tests.Test3"/>
</testsuite> <!-- com.URL.Tests.Test3 -->
