<?xml version="1.0" encoding="UTF-8"?>
<!-- Generated by org.testng.reporters.JUnitReportReporter -->
<testsuite hostname="CHNMCT399628D" name="com.URL.Tests.Test1" tests="1" failures="0" timestamp="26 Jul 2017 05:14:27 GMT" time="4.573" errors="0">
  <testcase name="f" time="4.573" classname="com.URL.Tests.Test1"/>
</testsuite> <!-- com.URL.Tests.Test1 -->
