<?xml version="1.0" encoding="UTF-8"?>
<!-- Generated by org.testng.reporters.JUnitReportReporter -->
<testsuite hostname="CHNMCT399628D" name="com.URL.Tests.Test4" tests="1" failures="0" timestamp="18 Jul 2017 09:59:36 GMT" time="15.226" errors="0">
  <testcase name="f" time="15.226" classname="com.URL.Tests.Test4"/>
</testsuite> <!-- com.URL.Tests.Test4 -->
